\BOOKMARK [0][-]{chapter.1}{\376\377\000I\000n\000t\000r\000o\000d\000u\000c\000t\000i\000o\000n}{}% 1
\BOOKMARK [1][-]{section.1.1}{\376\377\000R\000\351\000p\000a\000r\000t\000i\000t\000i\000o\000n\000\040\000d\000e\000s\000\040\000t\000\342\000c\000h\000e\000s}{chapter.1}% 2
\BOOKMARK [1][-]{section.1.2}{\376\377\000O\000u\000t\000i\000l\000s\000\040\000u\000t\000i\000l\000i\000s\000\351\000s}{chapter.1}% 3
\BOOKMARK [2][-]{subsection.1.2.1}{\376\377\000G\000i\000t\000H\000u\000b}{section.1.2}% 4
\BOOKMARK [2][-]{subsection.1.2.2}{\376\377\000T\000r\000e\000l\000l\000o}{section.1.2}% 5
\BOOKMARK [2][-]{subsection.1.2.3}{\376\377\000D\000i\000s\000c\000o\000r\000d}{section.1.2}% 6
\BOOKMARK [2][-]{subsection.1.2.4}{\376\377\000V\000i\000s\000u\000a\000l\000\040\000P\000a\000r\000a\000d\000i\000g\000m}{section.1.2}% 7
\BOOKMARK [2][-]{subsection.1.2.5}{\376\377\000Y\000a\000k\000i\000n\000d\000u\000\040\000S\000t\000a\000t\000e\000c\000h\000a\000r\000t\000\040\000T\000o\000o\000l\000s}{section.1.2}% 8
\BOOKMARK [0][-]{chapter.2}{\376\377\000P\000a\000r\000t\000i\000e\000\040\000c\000o\000m\000m\000u\000n\000e}{}% 9
\BOOKMARK [1][-]{section.2.1}{\376\377\000I\000n\000t\000r\000o\000d\000u\000c\000t\000i\000o\000n\000\040\000e\000t\000\040\000c\000h\000o\000i\000x\000\040\000d\000e\000\040\000c\000o\000n\000c\000e\000p\000t\000i\000o\000n\000\040\000d\000e\000s\000\040\000d\000i\000a\000g\000r\000a\000m\000m\000e\000s\000\040\000d\000e\000\040\000c\000o\000n\000c\000e\000p\000t\000i\000o\000n\000\040\000U\000M\000L}{chapter.2}% 10
\BOOKMARK [2][-]{subsection.2.1.1}{\376\377\000U\000s\000e\000\040\000c\000a\000s\000e\000\040\000d\000i\000a\000g\000r\000a\000m\000s}{section.2.1}% 11
\BOOKMARK [2][-]{subsection.2.1.2}{\376\377\000I\000n\000t\000e\000r\000a\000c\000t\000i\000o\000n\000\040\000o\000v\000e\000r\000v\000i\000e\000w\000\040\000d\000i\000a\000g\000r\000a\000m\000s}{section.2.1}% 12
\BOOKMARK [2][-]{subsection.2.1.3}{\376\377\000C\000l\000a\000s\000s\000\040\000d\000i\000a\000g\000r\000a\000m\000s}{section.2.1}% 13
\BOOKMARK [2][-]{subsection.2.1.4}{\376\377\000S\000e\000q\000u\000e\000n\000c\000e\000\040\000d\000i\000a\000g\000r\000a\000m\000s}{section.2.1}% 14
\BOOKMARK [1][-]{section.2.2}{\376\377\000D\000i\000a\000g\000r\000a\000m\000m\000e\000s\000\040\000d\000e\000\040\000c\000o\000n\000c\000e\000p\000t\000i\000o\000n\000\040\000U\000M\000L\000\040\000:\000\040\000a\000p\000p\000l\000i\000c\000a\000t\000i\000o\000n\000\040\000c\000l\000i\000e\000n\000t}{chapter.2}% 15
\BOOKMARK [2][-]{subsection.2.2.1}{\376\377\000U\000s\000e\000\040\000c\000a\000s\000e\000\040\000d\000i\000a\000g\000r\000a\000m}{section.2.2}% 16
\BOOKMARK [2][-]{subsection.2.2.2}{\376\377\000I\000n\000t\000e\000r\000a\000c\000t\000i\000o\000n\000\040\000o\000v\000e\000r\000v\000i\000e\000w\000\040\000d\000i\000a\000g\000r\000a\000m}{section.2.2}% 17
\BOOKMARK [2][-]{subsection.2.2.3}{\376\377\000C\000l\000a\000s\000s\000\040\000d\000i\000a\000g\000r\000a\000m}{section.2.2}% 18
\BOOKMARK [2][-]{subsection.2.2.4}{\376\377\000S\000e\000q\000u\000e\000n\000c\000e\000\040\000d\000i\000a\000g\000r\000a\000m}{section.2.2}% 19
\BOOKMARK [2][-]{subsection.2.2.5}{\376\377\000S\000t\000a\000t\000e\000c\000h\000a\000r\000t\000\040\000d\000i\000a\000g\000r\000a\000m}{section.2.2}% 20
\BOOKMARK [1][-]{section.2.3}{\376\377\000D\000i\000a\000g\000r\000a\000m\000m\000e\000s\000\040\000d\000e\000\040\000c\000o\000n\000c\000e\000p\000t\000i\000o\000n\000\040\000U\000M\000L\000\040\000:\000\040\000a\000p\000p\000l\000i\000c\000a\000t\000i\000o\000n\000\040\000i\000n\000s\000t\000i\000t\000u\000t\000i\000o\000n}{chapter.2}% 21
\BOOKMARK [2][-]{subsection.2.3.1}{\376\377\000U\000s\000e\000\040\000c\000a\000s\000e\000\040\000d\000i\000a\000g\000r\000a\000m}{section.2.3}% 22
\BOOKMARK [2][-]{subsection.2.3.2}{\376\377\000I\000n\000t\000e\000r\000a\000c\000t\000i\000o\000n\000\040\000o\000v\000e\000r\000v\000i\000e\000w\000\040\000d\000i\000a\000g\000r\000a\000m}{section.2.3}% 23
\BOOKMARK [2][-]{subsection.2.3.3}{\376\377\000C\000l\000a\000s\000s\000\040\000d\000i\000a\000g\000r\000a\000m}{section.2.3}% 24
\BOOKMARK [2][-]{subsection.2.3.4}{\376\377\000S\000e\000q\000u\000e\000n\000c\000e\000\040\000d\000i\000a\000g\000r\000a\000m}{section.2.3}% 25
\BOOKMARK [1][-]{section.2.4}{\376\377\000M\000o\000d\000\350\000l\000e\000\040\000d\000e\000\040\000d\000o\000n\000n\000\351\000e\000s}{chapter.2}% 26
\BOOKMARK [1][-]{section.2.5}{\376\377\000D\000e\000s\000i\000g\000n\000\040\000d\000u\000\040\000R\000E\000S\000T\000\040\000A\000P\000I}{chapter.2}% 27
\BOOKMARK [1][-]{section.2.6}{\376\377\000M\000a\000q\000u\000e\000t\000t\000e\000\040\000d\000e\000\040\000l\000'\000i\000n\000t\000e\000r\000f\000a\000c\000e\000\040\000u\000t\000i\000l\000i\000s\000a\000t\000e\000u\000r\000\040\000:\000\040\000a\000p\000p\000l\000i\000c\000a\000t\000i\000o\000n\000\040\000c\000l\000i\000e\000n\000t}{chapter.2}% 28
\BOOKMARK [1][-]{section.2.7}{\376\377\000M\000a\000q\000u\000e\000t\000t\000e\000\040\000d\000e\000\040\000l\000'\000i\000n\000t\000e\000r\000f\000a\000c\000e\000\040\000u\000t\000i\000l\000i\000s\000a\000t\000e\000u\000r\000\040\000:\000\040\000a\000p\000p\000l\000i\000c\000a\000t\000i\000o\000n\000\040\000i\000n\000s\000t\000i\000t\000u\000t\000i\000o\000n}{chapter.2}% 29
\BOOKMARK [0][-]{chapter.3}{\376\377\000E\000x\000t\000e\000n\000s\000i\000o\000n\000\040\000A\000\040\000:\000\040\000G\000e\000s\000t\000i\000o\000n\000\040\000d\000e\000\040\000c\000a\000r\000t\000e\000s\000\040\000-\000\040\000A\000u\000g\000u\000s\000t\000i\000n\000\040\000H\000o\000u\000b\000a}{}% 30
\BOOKMARK [1][-]{section.3.1}{\376\377\000D\000i\000a\000g\000r\000a\000m\000m\000e\000s\000\040\000d\000e\000\040\000c\000o\000n\000c\000e\000p\000t\000i\000o\000n\000\040\000U\000M\000L\000\040\000:\000\040\000a\000p\000p\000l\000i\000c\000a\000t\000i\000o\000n\000\040\000c\000l\000i\000e\000n\000t}{chapter.3}% 31
\BOOKMARK [2][-]{subsection.3.1.1}{\376\377\000U\000s\000e\000\040\000c\000a\000s\000e\000\040\000d\000i\000a\000g\000r\000a\000m}{section.3.1}% 32
\BOOKMARK [2][-]{subsection.3.1.2}{\376\377\000I\000n\000t\000e\000r\000a\000c\000t\000i\000o\000n\000\040\000o\000v\000e\000r\000v\000i\000e\000w\000\040\000d\000i\000a\000g\000r\000a\000m}{section.3.1}% 33
\BOOKMARK [2][-]{subsection.3.1.3}{\376\377\000C\000l\000a\000s\000s\000\040\000d\000i\000a\000g\000r\000a\000m}{section.3.1}% 34
\BOOKMARK [2][-]{subsection.3.1.4}{\376\377\000S\000e\000q\000u\000e\000n\000c\000e\000\040\000d\000i\000a\000g\000r\000a\000m}{section.3.1}% 35
\BOOKMARK [1][-]{section.3.2}{\376\377\000D\000i\000a\000g\000r\000a\000m\000m\000e\000s\000\040\000d\000e\000\040\000c\000o\000n\000c\000e\000p\000t\000i\000o\000n\000\040\000U\000M\000L\000\040\000:\000\040\000a\000p\000p\000l\000i\000c\000a\000t\000i\000o\000n\000\040\000i\000n\000s\000t\000i\000t\000u\000t\000i\000o\000n}{chapter.3}% 36
\BOOKMARK [2][-]{subsection.3.2.1}{\376\377\000U\000s\000e\000\040\000c\000a\000s\000e\000\040\000d\000i\000a\000g\000r\000a\000m}{section.3.2}% 37
\BOOKMARK [2][-]{subsection.3.2.2}{\376\377\000I\000n\000t\000e\000r\000a\000c\000t\000i\000o\000n\000\040\000o\000v\000e\000r\000v\000i\000e\000w\000\040\000d\000i\000a\000g\000r\000a\000m}{section.3.2}% 38
\BOOKMARK [2][-]{subsection.3.2.3}{\376\377\000C\000l\000a\000s\000s\000\040\000d\000i\000a\000g\000r\000a\000m}{section.3.2}% 39
\BOOKMARK [2][-]{subsection.3.2.4}{\376\377\000S\000e\000q\000u\000e\000n\000c\000e\000\040\000d\000i\000a\000g\000r\000a\000m}{section.3.2}% 40
\BOOKMARK [1][-]{section.3.3}{\376\377\000M\000a\000q\000u\000e\000t\000t\000e\000\040\000d\000e\000\040\000l\000'\000i\000n\000t\000e\000r\000f\000a\000c\000e\000\040\000u\000t\000i\000l\000i\000s\000a\000t\000e\000u\000r\000:\000\040\000a\000p\000p\000l\000i\000c\000a\000t\000i\000o\000n\000\040\000c\000l\000i\000e\000n\000t}{chapter.3}% 41
\BOOKMARK [1][-]{section.3.4}{\376\377\000M\000a\000q\000u\000e\000t\000t\000e\000\040\000d\000e\000\040\000l\000'\000i\000n\000t\000e\000r\000f\000a\000c\000e\000\040\000u\000t\000i\000l\000i\000s\000a\000t\000e\000u\000r\000:\000\040\000a\000p\000p\000l\000i\000c\000a\000t\000i\000o\000n\000\040\000i\000n\000s\000t\000i\000t\000u\000t\000i\000o\000n}{chapter.3}% 42
\BOOKMARK [1][-]{section.3.5}{\376\377\000D\000e\000s\000i\000g\000n\000\040\000d\000u\000\040\000R\000E\000S\000T\000\040\000A\000P\000I}{chapter.3}% 43
\BOOKMARK [1][-]{section.3.6}{\376\377\000M\000o\000d\000\350\000l\000e\000\040\000d\000e\000\040\000d\000o\000n\000n\000\351\000e\000s}{chapter.3}% 44
\BOOKMARK [0][-]{chapter.4}{\376\377\000E\000x\000t\000e\000n\000s\000i\000o\000n\000\040\000B\000\040\000:\000\040\000G\000e\000s\000t\000i\000o\000n\000\040\000d\000e\000\040\000d\000e\000v\000i\000s\000e\000s\000\040\000e\000t\000\040\000v\000i\000r\000e\000m\000e\000n\000t\000s\000\040\000i\000n\000t\000e\000r\000n\000a\000t\000i\000o\000n\000a\000u\000x\000\040\000-\000\040\000C\000y\000r\000i\000l\000\040\000M\000o\000r\000e\000a\000u}{}% 45
\BOOKMARK [1][-]{section.4.1}{\376\377\000D\000i\000a\000g\000r\000a\000m\000m\000e\000s\000\040\000d\000e\000\040\000c\000o\000n\000c\000e\000p\000t\000i\000o\000n\000\040\000U\000M\000L\000\040\000:\000\040\000a\000p\000p\000l\000i\000c\000a\000t\000i\000o\000n\000\040\000c\000l\000i\000e\000n\000t}{chapter.4}% 46
\BOOKMARK [2][-]{subsection.4.1.1}{\376\377\000U\000s\000e\000\040\000c\000a\000s\000e\000\040\000d\000i\000a\000g\000r\000a\000m}{section.4.1}% 47
\BOOKMARK [2][-]{subsection.4.1.2}{\376\377\000I\000n\000t\000e\000r\000a\000c\000t\000i\000o\000n\000\040\000o\000v\000e\000r\000v\000i\000e\000w\000\040\000d\000i\000a\000g\000r\000a\000m}{section.4.1}% 48
\BOOKMARK [2][-]{subsection.4.1.3}{\376\377\000C\000l\000a\000s\000s\000\040\000d\000i\000a\000g\000r\000a\000m}{section.4.1}% 49
\BOOKMARK [2][-]{subsection.4.1.4}{\376\377\000S\000e\000q\000u\000e\000n\000c\000e\000\040\000d\000i\000a\000g\000r\000a\000m}{section.4.1}% 50
\BOOKMARK [1][-]{section.4.2}{\376\377\000D\000i\000a\000g\000r\000a\000m\000m\000e\000s\000\040\000d\000e\000\040\000c\000o\000n\000c\000e\000p\000t\000i\000o\000n\000\040\000U\000M\000L\000\040\000:\000\040\000a\000p\000p\000l\000i\000c\000a\000t\000i\000o\000n\000\040\000i\000n\000s\000t\000i\000t\000u\000t\000i\000o\000n}{chapter.4}% 51
\BOOKMARK [2][-]{subsection.4.2.1}{\376\377\000U\000s\000e\000\040\000c\000a\000s\000e\000\040\000d\000i\000a\000g\000r\000a\000m}{section.4.2}% 52
\BOOKMARK [2][-]{subsection.4.2.2}{\376\377\000I\000n\000t\000e\000r\000a\000c\000t\000i\000o\000n\000\040\000o\000v\000e\000r\000v\000i\000e\000w\000\040\000d\000i\000a\000g\000r\000a\000m}{section.4.2}% 53
\BOOKMARK [2][-]{subsection.4.2.3}{\376\377\000C\000l\000a\000s\000s\000\040\000d\000i\000a\000g\000r\000a\000m}{section.4.2}% 54
\BOOKMARK [2][-]{subsection.4.2.4}{\376\377\000S\000e\000q\000u\000e\000n\000c\000e\000\040\000d\000i\000a\000g\000r\000a\000m}{section.4.2}% 55
\BOOKMARK [1][-]{section.4.3}{\376\377\000M\000o\000d\000\350\000l\000e\000\040\000d\000e\000\040\000d\000o\000n\000n\000\351\000e\000s}{chapter.4}% 56
\BOOKMARK [1][-]{section.4.4}{\376\377\000M\000a\000q\000u\000e\000t\000t\000e\000\040\000d\000e\000\040\000l\000'\000i\000n\000t\000e\000r\000f\000a\000c\000e\000\040\000d\000e\000\040\000l\000'\000a\000p\000p\000l\000i\000c\000a\000t\000i\000o\000n\000\040\000c\000l\000i\000e\000n\000t}{chapter.4}% 57
\BOOKMARK [1][-]{section.4.5}{\376\377\000M\000a\000q\000u\000e\000t\000t\000e\000\040\000d\000e\000\040\000l\000'\000i\000n\000t\000e\000r\000f\000a\000c\000e\000\040\000d\000e\000\040\000l\000'\000a\000p\000p\000l\000i\000c\000a\000t\000i\000o\000n\000\040\000p\000o\000u\000r\000\040\000u\000n\000e\000\040\000i\000n\000s\000t\000i\000t\000u\000t\000i\000o\000n}{chapter.4}% 58
\BOOKMARK [0][-]{chapter.5}{\376\377\000E\000x\000t\000e\000n\000s\000i\000o\000n\000\040\000C\000\040\000:\000\040\000G\000e\000s\000t\000i\000o\000n\000\040\000d\000e\000s\000\040\000c\000o\000n\000t\000r\000a\000t\000s\000\040\000d\040\031\000a\000s\000s\000u\000r\000a\000n\000c\000e\000\040\000-\000\040\000F\000r\000a\000n\000\347\000o\000i\000s\000\040\000V\000i\000o\000n}{}% 59
\BOOKMARK [1][-]{section.5.1}{\376\377\000D\000i\000a\000g\000r\000a\000m\000m\000e\000s\000\040\000d\000e\000\040\000c\000o\000n\000c\000e\000p\000t\000i\000o\000n\000\040\000U\000M\000L\000\040\000:\000\040\000a\000p\000p\000l\000i\000c\000a\000t\000i\000o\000n\000\040\000c\000l\000i\000e\000n\000t}{chapter.5}% 60
\BOOKMARK [2][-]{subsection.5.1.1}{\376\377\000U\000s\000e\000\040\000c\000a\000s\000e\000\040\000d\000i\000a\000g\000r\000a\000m}{section.5.1}% 61
\BOOKMARK [2][-]{subsection.5.1.2}{\376\377\000I\000n\000t\000e\000r\000a\000c\000t\000i\000o\000n\000\040\000o\000v\000e\000r\000v\000i\000e\000w\000\040\000d\000i\000a\000g\000r\000a\000m}{section.5.1}% 62
\BOOKMARK [2][-]{subsection.5.1.3}{\376\377\000C\000l\000a\000s\000s\000\040\000d\000i\000a\000g\000r\000a\000m}{section.5.1}% 63
\BOOKMARK [2][-]{subsection.5.1.4}{\376\377\000S\000e\000q\000u\000e\000n\000c\000e\000\040\000d\000i\000a\000g\000r\000a\000m}{section.5.1}% 64
\BOOKMARK [1][-]{section.5.2}{\376\377\000D\000i\000a\000g\000r\000a\000m\000m\000e\000s\000\040\000d\000e\000\040\000c\000o\000n\000c\000e\000p\000t\000i\000o\000n\000\040\000U\000M\000L\000\040\000:\000\040\000a\000p\000p\000l\000i\000c\000a\000t\000i\000o\000n\000\040\000i\000n\000s\000t\000i\000t\000u\000t\000i\000o\000n}{chapter.5}% 65
\BOOKMARK [2][-]{subsection.5.2.1}{\376\377\000U\000s\000e\000\040\000c\000a\000s\000e\000\040\000d\000i\000a\000g\000r\000a\000m}{section.5.2}% 66
\BOOKMARK [2][-]{subsection.5.2.2}{\376\377\000I\000n\000t\000e\000r\000a\000c\000t\000i\000o\000n\000\040\000o\000v\000e\000r\000v\000i\000e\000w\000\040\000d\000i\000a\000g\000r\000a\000m}{section.5.2}% 67
\BOOKMARK [2][-]{subsection.5.2.3}{\376\377\000C\000l\000a\000s\000s\000\040\000d\000i\000a\000g\000r\000a\000m}{section.5.2}% 68
\BOOKMARK [2][-]{subsection.5.2.4}{\376\377\000S\000e\000q\000u\000e\000n\000c\000e\000\040\000d\000i\000a\000g\000r\000a\000m}{section.5.2}% 69
\BOOKMARK [1][-]{section.5.3}{\376\377\000M\000o\000d\000\350\000l\000e\000\040\000d\000e\000\040\000d\000o\000n\000n\000\351\000e\000s}{chapter.5}% 70
\BOOKMARK [1][-]{section.5.4}{\376\377\000M\000a\000q\000u\000e\000t\000t\000e\000\040\000d\000e\000\040\000l\000'\000i\000n\000t\000e\000r\000f\000a\000c\000e\000\040\000u\000t\000i\000l\000i\000s\000a\000t\000e\000u\000r\000\040\000e\000t\000\040\000i\000n\000s\000t\000i\000t\000u\000t\000i\000o\000n}{chapter.5}% 71
\BOOKMARK [0][-]{chapter.6}{\376\377\000E\000x\000t\000e\000n\000s\000i\000o\000n\000\040\000D\000\040\000:\000\040\000P\000a\000i\000e\000m\000e\000n\000t\000s\000\040\000e\000t\000\040\000g\000e\000s\000t\000i\000o\000n\000\040\000d\000e\000\040\000f\000r\000a\000u\000d\000e\000s\000\040\000-\000\040\000A\000r\000n\000a\000u\000d\000\040\000M\000o\000r\000e\000a\000u}{}% 72
\BOOKMARK [1][-]{section.6.1}{\376\377\000D\000i\000a\000g\000r\000a\000m\000m\000e\000s\000\040\000d\000e\000\040\000c\000o\000n\000c\000e\000p\000t\000i\000o\000n\000\040\000U\000M\000L\000\040\000:\000\040\000a\000p\000p\000l\000i\000c\000a\000t\000i\000o\000n\000\040\000c\000l\000i\000e\000n\000t}{chapter.6}% 73
\BOOKMARK [2][-]{subsection.6.1.1}{\376\377\000U\000s\000e\000\040\000c\000a\000s\000e\000\040\000d\000i\000a\000g\000r\000a\000m}{section.6.1}% 74
\BOOKMARK [2][-]{subsection.6.1.2}{\376\377\000I\000n\000t\000e\000r\000a\000c\000t\000i\000o\000n\000\040\000o\000v\000e\000r\000v\000i\000e\000w\000\040\000d\000i\000a\000g\000r\000a\000m}{section.6.1}% 75
\BOOKMARK [2][-]{subsection.6.1.3}{\376\377\000C\000l\000a\000s\000s\000\040\000d\000i\000a\000g\000r\000a\000m}{section.6.1}% 76
\BOOKMARK [2][-]{subsection.6.1.4}{\376\377\000S\000e\000q\000u\000e\000n\000c\000e\000\040\000d\000i\000a\000g\000r\000a\000m}{section.6.1}% 77
\BOOKMARK [1][-]{section.6.2}{\376\377\000D\000i\000a\000g\000r\000a\000m\000m\000e\000s\000\040\000d\000e\000\040\000c\000o\000n\000c\000e\000p\000t\000i\000o\000n\000\040\000U\000M\000L\000\040\000:\000\040\000a\000p\000p\000l\000i\000c\000a\000t\000i\000o\000n\000\040\000i\000n\000s\000t\000i\000t\000u\000t\000i\000o\000n}{chapter.6}% 78
\BOOKMARK [2][-]{subsection.6.2.1}{\376\377\000U\000s\000e\000\040\000c\000a\000s\000e\000\040\000d\000i\000a\000g\000r\000a\000m}{section.6.2}% 79
\BOOKMARK [2][-]{subsection.6.2.2}{\376\377\000I\000n\000t\000e\000r\000a\000c\000t\000i\000o\000n\000\040\000o\000v\000e\000r\000v\000i\000e\000w\000\040\000d\000i\000a\000g\000r\000a\000m}{section.6.2}% 80
\BOOKMARK [2][-]{subsection.6.2.3}{\376\377\000C\000l\000a\000s\000s\000\040\000d\000i\000a\000g\000r\000a\000m}{section.6.2}% 81
\BOOKMARK [2][-]{subsection.6.2.4}{\376\377\000S\000e\000q\000u\000e\000n\000c\000e\000\040\000d\000i\000a\000g\000r\000a\000m}{section.6.2}% 82
\BOOKMARK [1][-]{section.6.3}{\376\377\000M\000o\000d\000\350\000l\000e\000\040\000d\000e\000\040\000d\000o\000n\000n\000\351\000e\000s}{chapter.6}% 83
\BOOKMARK [1][-]{section.6.4}{\376\377\000M\000a\000q\000u\000e\000t\000t\000e\000\040\000d\000e\000\040\000l\000'\000i\000n\000t\000e\000r\000f\000a\000c\000e\000\040\000u\000t\000i\000l\000i\000s\000a\000t\000e\000u\000r}{chapter.6}% 84
\BOOKMARK [1][-]{section.6.5}{\376\377\000M\000a\000q\000u\000e\000t\000t\000e\000\040\000d\000e\000\040\000l\000'\000i\000n\000t\000e\000r\000f\000a\000c\000e\000\040\000i\000n\000s\000t\000i\000t\000u\000t\000i\000o\000n}{chapter.6}% 85
